Determining if the Q_WS_WIN exist failed with the following output:
Change Dir: /home/paras/robocomp/components/obstacle/build/src/CMakeFiles/CMakeTmp

Run Build Command:"/usr/bin/make" "cmTC_a21fd/fast"
/usr/bin/make -f CMakeFiles/cmTC_a21fd.dir/build.make CMakeFiles/cmTC_a21fd.dir/build
make[1]: Entering directory '/home/paras/robocomp/components/obstacle/build/src/CMakeFiles/CMakeTmp'
Building CXX object CMakeFiles/cmTC_a21fd.dir/CheckSymbolExists.cxx.o
/usr/bin/c++   -I/usr/include/qt4   -o CMakeFiles/cmTC_a21fd.dir/CheckSymbolExists.cxx.o -c /home/paras/robocomp/components/obstacle/build/src/CMakeFiles/CMakeTmp/CheckSymbolExists.cxx
/home/paras/robocomp/components/obstacle/build/src/CMakeFiles/CMakeTmp/CheckSymbolExists.cxx: In function ‘int main(int, char**)’:
/home/paras/robocomp/components/obstacle/build/src/CMakeFiles/CMakeTmp/CheckSymbolExists.cxx:8:19: error: ‘Q_WS_WIN’ was not declared in this scope
   return ((int*)(&Q_WS_WIN))[argc];
                   ^~~~~~~~
/home/paras/robocomp/components/obstacle/build/src/CMakeFiles/CMakeTmp/CheckSymbolExists.cxx:8:19: note: suggested alternative: ‘Q_WS_X11’
   return ((int*)(&Q_WS_WIN))[argc];
                   ^~~~~~~~
                   Q_WS_X11
CMakeFiles/cmTC_a21fd.dir/build.make:65: recipe for target 'CMakeFiles/cmTC_a21fd.dir/CheckSymbolExists.cxx.o' failed
make[1]: *** [CMakeFiles/cmTC_a21fd.dir/CheckSymbolExists.cxx.o] Error 1
make[1]: Leaving directory '/home/paras/robocomp/components/obstacle/build/src/CMakeFiles/CMakeTmp'
Makefile:126: recipe for target 'cmTC_a21fd/fast' failed
make: *** [cmTC_a21fd/fast] Error 2

File /home/paras/robocomp/components/obstacle/build/src/CMakeFiles/CMakeTmp/CheckSymbolExists.cxx:
/* */
#include <QtCore/qglobal.h>

int main(int argc, char** argv)
{
  (void)argv;
#ifndef Q_WS_WIN
  return ((int*)(&Q_WS_WIN))[argc];
#else
  (void)argc;
  return 0;
#endif
}

Determining if the Q_WS_QWS exist failed with the following output:
Change Dir: /home/paras/robocomp/components/obstacle/build/src/CMakeFiles/CMakeTmp

Run Build Command:"/usr/bin/make" "cmTC_6e26e/fast"
/usr/bin/make -f CMakeFiles/cmTC_6e26e.dir/build.make CMakeFiles/cmTC_6e26e.dir/build
make[1]: Entering directory '/home/paras/robocomp/components/obstacle/build/src/CMakeFiles/CMakeTmp'
Building CXX object CMakeFiles/cmTC_6e26e.dir/CheckSymbolExists.cxx.o
/usr/bin/c++   -I/usr/include/qt4   -o CMakeFiles/cmTC_6e26e.dir/CheckSymbolExists.cxx.o -c /home/paras/robocomp/components/obstacle/build/src/CMakeFiles/CMakeTmp/CheckSymbolExists.cxx
/home/paras/robocomp/components/obstacle/build/src/CMakeFiles/CMakeTmp/CheckSymbolExists.cxx: In function ‘int main(int, char**)’:
/home/paras/robocomp/components/obstacle/build/src/CMakeFiles/CMakeTmp/CheckSymbolExists.cxx:8:19: error: ‘Q_WS_QWS’ was not declared in this scope
   return ((int*)(&Q_WS_QWS))[argc];
                   ^~~~~~~~
/home/paras/robocomp/components/obstacle/build/src/CMakeFiles/CMakeTmp/CheckSymbolExists.cxx:8:19: note: suggested alternative: ‘Q_WS_X11’
   return ((int*)(&Q_WS_QWS))[argc];
                   ^~~~~~~~
                   Q_WS_X11
CMakeFiles/cmTC_6e26e.dir/build.make:65: recipe for target 'CMakeFiles/cmTC_6e26e.dir/CheckSymbolExists.cxx.o' failed
make[1]: *** [CMakeFiles/cmTC_6e26e.dir/CheckSymbolExists.cxx.o] Error 1
make[1]: Leaving directory '/home/paras/robocomp/components/obstacle/build/src/CMakeFiles/CMakeTmp'
Makefile:126: recipe for target 'cmTC_6e26e/fast' failed
make: *** [cmTC_6e26e/fast] Error 2

File /home/paras/robocomp/components/obstacle/build/src/CMakeFiles/CMakeTmp/CheckSymbolExists.cxx:
/* */
#include <QtCore/qglobal.h>

int main(int argc, char** argv)
{
  (void)argv;
#ifndef Q_WS_QWS
  return ((int*)(&Q_WS_QWS))[argc];
#else
  (void)argc;
  return 0;
#endif
}

Determining if the Q_WS_MAC exist failed with the following output:
Change Dir: /home/paras/robocomp/components/obstacle/build/src/CMakeFiles/CMakeTmp

Run Build Command:"/usr/bin/make" "cmTC_fe654/fast"
/usr/bin/make -f CMakeFiles/cmTC_fe654.dir/build.make CMakeFiles/cmTC_fe654.dir/build
make[1]: Entering directory '/home/paras/robocomp/components/obstacle/build/src/CMakeFiles/CMakeTmp'
Building CXX object CMakeFiles/cmTC_fe654.dir/CheckSymbolExists.cxx.o
/usr/bin/c++   -I/usr/include/qt4   -o CMakeFiles/cmTC_fe654.dir/CheckSymbolExists.cxx.o -c /home/paras/robocomp/components/obstacle/build/src/CMakeFiles/CMakeTmp/CheckSymbolExists.cxx
/home/paras/robocomp/components/obstacle/build/src/CMakeFiles/CMakeTmp/CheckSymbolExists.cxx: In function ‘int main(int, char**)’:
/home/paras/robocomp/components/obstacle/build/src/CMakeFiles/CMakeTmp/CheckSymbolExists.cxx:8:19: error: ‘Q_WS_MAC’ was not declared in this scope
   return ((int*)(&Q_WS_MAC))[argc];
                   ^~~~~~~~
/home/paras/robocomp/components/obstacle/build/src/CMakeFiles/CMakeTmp/CheckSymbolExists.cxx:8:19: note: suggested alternative: ‘Q_WS_X11’
   return ((int*)(&Q_WS_MAC))[argc];
                   ^~~~~~~~
                   Q_WS_X11
CMakeFiles/cmTC_fe654.dir/build.make:65: recipe for target 'CMakeFiles/cmTC_fe654.dir/CheckSymbolExists.cxx.o' failed
make[1]: *** [CMakeFiles/cmTC_fe654.dir/CheckSymbolExists.cxx.o] Error 1
make[1]: Leaving directory '/home/paras/robocomp/components/obstacle/build/src/CMakeFiles/CMakeTmp'
Makefile:126: recipe for target 'cmTC_fe654/fast' failed
make: *** [cmTC_fe654/fast] Error 2

File /home/paras/robocomp/components/obstacle/build/src/CMakeFiles/CMakeTmp/CheckSymbolExists.cxx:
/* */
#include <QtCore/qglobal.h>

int main(int argc, char** argv)
{
  (void)argv;
#ifndef Q_WS_MAC
  return ((int*)(&Q_WS_MAC))[argc];
#else
  (void)argc;
  return 0;
#endif
}

Determining if the pthread_create exist failed with the following output:
Change Dir: /home/paras/robocomp/components/obstacle/build/src/CMakeFiles/CMakeTmp

Run Build Command:"/usr/bin/make" "cmTC_356f3/fast"
/usr/bin/make -f CMakeFiles/cmTC_356f3.dir/build.make CMakeFiles/cmTC_356f3.dir/build
make[1]: Entering directory '/home/paras/robocomp/components/obstacle/build/src/CMakeFiles/CMakeTmp'
Building C object CMakeFiles/cmTC_356f3.dir/CheckSymbolExists.c.o
/usr/bin/cc    -o CMakeFiles/cmTC_356f3.dir/CheckSymbolExists.c.o   -c /home/paras/robocomp/components/obstacle/build/src/CMakeFiles/CMakeTmp/CheckSymbolExists.c
Linking C executable cmTC_356f3
/usr/bin/cmake -E cmake_link_script CMakeFiles/cmTC_356f3.dir/link.txt --verbose=1
/usr/bin/cc      -rdynamic CMakeFiles/cmTC_356f3.dir/CheckSymbolExists.c.o  -o cmTC_356f3 
CMakeFiles/cmTC_356f3.dir/CheckSymbolExists.c.o: In function `main':
CheckSymbolExists.c:(.text+0x1b): undefined reference to `pthread_create'
collect2: error: ld returned 1 exit status
CMakeFiles/cmTC_356f3.dir/build.make:97: recipe for target 'cmTC_356f3' failed
make[1]: *** [cmTC_356f3] Error 1
make[1]: Leaving directory '/home/paras/robocomp/components/obstacle/build/src/CMakeFiles/CMakeTmp'
Makefile:126: recipe for target 'cmTC_356f3/fast' failed
make: *** [cmTC_356f3/fast] Error 2

File /home/paras/robocomp/components/obstacle/build/src/CMakeFiles/CMakeTmp/CheckSymbolExists.c:
/* */
#include <pthread.h>

int main(int argc, char** argv)
{
  (void)argv;
#ifndef pthread_create
  return ((int*)(&pthread_create))[argc];
#else
  (void)argc;
  return 0;
#endif
}

Determining if the function pthread_create exists in the pthreads failed with the following output:
Change Dir: /home/paras/robocomp/components/obstacle/build/src/CMakeFiles/CMakeTmp

Run Build Command:"/usr/bin/make" "cmTC_92835/fast"
/usr/bin/make -f CMakeFiles/cmTC_92835.dir/build.make CMakeFiles/cmTC_92835.dir/build
make[1]: Entering directory '/home/paras/robocomp/components/obstacle/build/src/CMakeFiles/CMakeTmp'
Building C object CMakeFiles/cmTC_92835.dir/CheckFunctionExists.c.o
/usr/bin/cc   -DCHECK_FUNCTION_EXISTS=pthread_create   -o CMakeFiles/cmTC_92835.dir/CheckFunctionExists.c.o   -c /usr/share/cmake-3.10/Modules/CheckFunctionExists.c
Linking C executable cmTC_92835
/usr/bin/cmake -E cmake_link_script CMakeFiles/cmTC_92835.dir/link.txt --verbose=1
/usr/bin/cc  -DCHECK_FUNCTION_EXISTS=pthread_create    -rdynamic CMakeFiles/cmTC_92835.dir/CheckFunctionExists.c.o  -o cmTC_92835 -lpthreads 
/usr/bin/ld: cannot find -lpthreads
collect2: error: ld returned 1 exit status
CMakeFiles/cmTC_92835.dir/build.make:97: recipe for target 'cmTC_92835' failed
make[1]: *** [cmTC_92835] Error 1
make[1]: Leaving directory '/home/paras/robocomp/components/obstacle/build/src/CMakeFiles/CMakeTmp'
Makefile:126: recipe for target 'cmTC_92835/fast' failed
make: *** [cmTC_92835/fast] Error 2


