Determining if the Q_WS_WIN exist failed with the following output:
Change Dir: /home/paras/robocomp/components/dist/build/CMakeFiles/CMakeTmp

Run Build Command:"/usr/bin/make" "cmTC_5c41b/fast"
/usr/bin/make -f CMakeFiles/cmTC_5c41b.dir/build.make CMakeFiles/cmTC_5c41b.dir/build
make[1]: Entering directory '/home/paras/robocomp/components/dist/build/CMakeFiles/CMakeTmp'
Building CXX object CMakeFiles/cmTC_5c41b.dir/CheckSymbolExists.cxx.o
/usr/bin/c++   -I/usr/include/qt4   -o CMakeFiles/cmTC_5c41b.dir/CheckSymbolExists.cxx.o -c /home/paras/robocomp/components/dist/build/CMakeFiles/CMakeTmp/CheckSymbolExists.cxx
/home/paras/robocomp/components/dist/build/CMakeFiles/CMakeTmp/CheckSymbolExists.cxx: In function ‘int main(int, char**)’:
/home/paras/robocomp/components/dist/build/CMakeFiles/CMakeTmp/CheckSymbolExists.cxx:8:19: error: ‘Q_WS_WIN’ was not declared in this scope
   return ((int*)(&Q_WS_WIN))[argc];
                   ^~~~~~~~
/home/paras/robocomp/components/dist/build/CMakeFiles/CMakeTmp/CheckSymbolExists.cxx:8:19: note: suggested alternative: ‘Q_WS_X11’
   return ((int*)(&Q_WS_WIN))[argc];
                   ^~~~~~~~
                   Q_WS_X11
CMakeFiles/cmTC_5c41b.dir/build.make:65: recipe for target 'CMakeFiles/cmTC_5c41b.dir/CheckSymbolExists.cxx.o' failed
make[1]: *** [CMakeFiles/cmTC_5c41b.dir/CheckSymbolExists.cxx.o] Error 1
make[1]: Leaving directory '/home/paras/robocomp/components/dist/build/CMakeFiles/CMakeTmp'
Makefile:126: recipe for target 'cmTC_5c41b/fast' failed
make: *** [cmTC_5c41b/fast] Error 2

File /home/paras/robocomp/components/dist/build/CMakeFiles/CMakeTmp/CheckSymbolExists.cxx:
/* */
#include <QtCore/qglobal.h>

int main(int argc, char** argv)
{
  (void)argv;
#ifndef Q_WS_WIN
  return ((int*)(&Q_WS_WIN))[argc];
#else
  (void)argc;
  return 0;
#endif
}

Determining if the Q_WS_QWS exist failed with the following output:
Change Dir: /home/paras/robocomp/components/dist/build/CMakeFiles/CMakeTmp

Run Build Command:"/usr/bin/make" "cmTC_e607a/fast"
/usr/bin/make -f CMakeFiles/cmTC_e607a.dir/build.make CMakeFiles/cmTC_e607a.dir/build
make[1]: Entering directory '/home/paras/robocomp/components/dist/build/CMakeFiles/CMakeTmp'
Building CXX object CMakeFiles/cmTC_e607a.dir/CheckSymbolExists.cxx.o
/usr/bin/c++   -I/usr/include/qt4   -o CMakeFiles/cmTC_e607a.dir/CheckSymbolExists.cxx.o -c /home/paras/robocomp/components/dist/build/CMakeFiles/CMakeTmp/CheckSymbolExists.cxx
/home/paras/robocomp/components/dist/build/CMakeFiles/CMakeTmp/CheckSymbolExists.cxx: In function ‘int main(int, char**)’:
/home/paras/robocomp/components/dist/build/CMakeFiles/CMakeTmp/CheckSymbolExists.cxx:8:19: error: ‘Q_WS_QWS’ was not declared in this scope
   return ((int*)(&Q_WS_QWS))[argc];
                   ^~~~~~~~
/home/paras/robocomp/components/dist/build/CMakeFiles/CMakeTmp/CheckSymbolExists.cxx:8:19: note: suggested alternative: ‘Q_WS_X11’
   return ((int*)(&Q_WS_QWS))[argc];
                   ^~~~~~~~
                   Q_WS_X11
CMakeFiles/cmTC_e607a.dir/build.make:65: recipe for target 'CMakeFiles/cmTC_e607a.dir/CheckSymbolExists.cxx.o' failed
make[1]: *** [CMakeFiles/cmTC_e607a.dir/CheckSymbolExists.cxx.o] Error 1
make[1]: Leaving directory '/home/paras/robocomp/components/dist/build/CMakeFiles/CMakeTmp'
Makefile:126: recipe for target 'cmTC_e607a/fast' failed
make: *** [cmTC_e607a/fast] Error 2

File /home/paras/robocomp/components/dist/build/CMakeFiles/CMakeTmp/CheckSymbolExists.cxx:
/* */
#include <QtCore/qglobal.h>

int main(int argc, char** argv)
{
  (void)argv;
#ifndef Q_WS_QWS
  return ((int*)(&Q_WS_QWS))[argc];
#else
  (void)argc;
  return 0;
#endif
}

Determining if the Q_WS_MAC exist failed with the following output:
Change Dir: /home/paras/robocomp/components/dist/build/CMakeFiles/CMakeTmp

Run Build Command:"/usr/bin/make" "cmTC_a175e/fast"
/usr/bin/make -f CMakeFiles/cmTC_a175e.dir/build.make CMakeFiles/cmTC_a175e.dir/build
make[1]: Entering directory '/home/paras/robocomp/components/dist/build/CMakeFiles/CMakeTmp'
Building CXX object CMakeFiles/cmTC_a175e.dir/CheckSymbolExists.cxx.o
/usr/bin/c++   -I/usr/include/qt4   -o CMakeFiles/cmTC_a175e.dir/CheckSymbolExists.cxx.o -c /home/paras/robocomp/components/dist/build/CMakeFiles/CMakeTmp/CheckSymbolExists.cxx
/home/paras/robocomp/components/dist/build/CMakeFiles/CMakeTmp/CheckSymbolExists.cxx: In function ‘int main(int, char**)’:
/home/paras/robocomp/components/dist/build/CMakeFiles/CMakeTmp/CheckSymbolExists.cxx:8:19: error: ‘Q_WS_MAC’ was not declared in this scope
   return ((int*)(&Q_WS_MAC))[argc];
                   ^~~~~~~~
/home/paras/robocomp/components/dist/build/CMakeFiles/CMakeTmp/CheckSymbolExists.cxx:8:19: note: suggested alternative: ‘Q_WS_X11’
   return ((int*)(&Q_WS_MAC))[argc];
                   ^~~~~~~~
                   Q_WS_X11
CMakeFiles/cmTC_a175e.dir/build.make:65: recipe for target 'CMakeFiles/cmTC_a175e.dir/CheckSymbolExists.cxx.o' failed
make[1]: *** [CMakeFiles/cmTC_a175e.dir/CheckSymbolExists.cxx.o] Error 1
make[1]: Leaving directory '/home/paras/robocomp/components/dist/build/CMakeFiles/CMakeTmp'
Makefile:126: recipe for target 'cmTC_a175e/fast' failed
make: *** [cmTC_a175e/fast] Error 2

File /home/paras/robocomp/components/dist/build/CMakeFiles/CMakeTmp/CheckSymbolExists.cxx:
/* */
#include <QtCore/qglobal.h>

int main(int argc, char** argv)
{
  (void)argv;
#ifndef Q_WS_MAC
  return ((int*)(&Q_WS_MAC))[argc];
#else
  (void)argc;
  return 0;
#endif
}

Determining if the pthread_create exist failed with the following output:
Change Dir: /home/paras/robocomp/components/dist/build/CMakeFiles/CMakeTmp

Run Build Command:"/usr/bin/make" "cmTC_59c4f/fast"
/usr/bin/make -f CMakeFiles/cmTC_59c4f.dir/build.make CMakeFiles/cmTC_59c4f.dir/build
make[1]: Entering directory '/home/paras/robocomp/components/dist/build/CMakeFiles/CMakeTmp'
Building C object CMakeFiles/cmTC_59c4f.dir/CheckSymbolExists.c.o
/usr/bin/cc    -o CMakeFiles/cmTC_59c4f.dir/CheckSymbolExists.c.o   -c /home/paras/robocomp/components/dist/build/CMakeFiles/CMakeTmp/CheckSymbolExists.c
Linking C executable cmTC_59c4f
/usr/bin/cmake -E cmake_link_script CMakeFiles/cmTC_59c4f.dir/link.txt --verbose=1
/usr/bin/cc      -rdynamic CMakeFiles/cmTC_59c4f.dir/CheckSymbolExists.c.o  -o cmTC_59c4f 
CMakeFiles/cmTC_59c4f.dir/CheckSymbolExists.c.o: In function `main':
CheckSymbolExists.c:(.text+0x1b): undefined reference to `pthread_create'
collect2: error: ld returned 1 exit status
CMakeFiles/cmTC_59c4f.dir/build.make:97: recipe for target 'cmTC_59c4f' failed
make[1]: *** [cmTC_59c4f] Error 1
make[1]: Leaving directory '/home/paras/robocomp/components/dist/build/CMakeFiles/CMakeTmp'
Makefile:126: recipe for target 'cmTC_59c4f/fast' failed
make: *** [cmTC_59c4f/fast] Error 2

File /home/paras/robocomp/components/dist/build/CMakeFiles/CMakeTmp/CheckSymbolExists.c:
/* */
#include <pthread.h>

int main(int argc, char** argv)
{
  (void)argv;
#ifndef pthread_create
  return ((int*)(&pthread_create))[argc];
#else
  (void)argc;
  return 0;
#endif
}

Determining if the function pthread_create exists in the pthreads failed with the following output:
Change Dir: /home/paras/robocomp/components/dist/build/CMakeFiles/CMakeTmp

Run Build Command:"/usr/bin/make" "cmTC_56619/fast"
/usr/bin/make -f CMakeFiles/cmTC_56619.dir/build.make CMakeFiles/cmTC_56619.dir/build
make[1]: Entering directory '/home/paras/robocomp/components/dist/build/CMakeFiles/CMakeTmp'
Building C object CMakeFiles/cmTC_56619.dir/CheckFunctionExists.c.o
/usr/bin/cc   -DCHECK_FUNCTION_EXISTS=pthread_create   -o CMakeFiles/cmTC_56619.dir/CheckFunctionExists.c.o   -c /usr/share/cmake-3.10/Modules/CheckFunctionExists.c
Linking C executable cmTC_56619
/usr/bin/cmake -E cmake_link_script CMakeFiles/cmTC_56619.dir/link.txt --verbose=1
/usr/bin/cc  -DCHECK_FUNCTION_EXISTS=pthread_create    -rdynamic CMakeFiles/cmTC_56619.dir/CheckFunctionExists.c.o  -o cmTC_56619 -lpthreads 
/usr/bin/ld: cannot find -lpthreads
collect2: error: ld returned 1 exit status
CMakeFiles/cmTC_56619.dir/build.make:97: recipe for target 'cmTC_56619' failed
make[1]: *** [cmTC_56619] Error 1
make[1]: Leaving directory '/home/paras/robocomp/components/dist/build/CMakeFiles/CMakeTmp'
Makefile:126: recipe for target 'cmTC_56619/fast' failed
make: *** [cmTC_56619/fast] Error 2


