Determining if the Q_WS_WIN exist failed with the following output:
Change Dir: /home/paras/robocomp/components/squarecomp/build/src/CMakeFiles/CMakeTmp

Run Build Command:"/usr/bin/make" "cmTC_6d98a/fast"
/usr/bin/make -f CMakeFiles/cmTC_6d98a.dir/build.make CMakeFiles/cmTC_6d98a.dir/build
make[1]: Entering directory '/home/paras/robocomp/components/squarecomp/build/src/CMakeFiles/CMakeTmp'
Building CXX object CMakeFiles/cmTC_6d98a.dir/CheckSymbolExists.cxx.o
/usr/bin/c++   -I/usr/include/qt4   -o CMakeFiles/cmTC_6d98a.dir/CheckSymbolExists.cxx.o -c /home/paras/robocomp/components/squarecomp/build/src/CMakeFiles/CMakeTmp/CheckSymbolExists.cxx
/home/paras/robocomp/components/squarecomp/build/src/CMakeFiles/CMakeTmp/CheckSymbolExists.cxx: In function ‘int main(int, char**)’:
/home/paras/robocomp/components/squarecomp/build/src/CMakeFiles/CMakeTmp/CheckSymbolExists.cxx:8:19: error: ‘Q_WS_WIN’ was not declared in this scope
   return ((int*)(&Q_WS_WIN))[argc];
                   ^~~~~~~~
/home/paras/robocomp/components/squarecomp/build/src/CMakeFiles/CMakeTmp/CheckSymbolExists.cxx:8:19: note: suggested alternative: ‘Q_WS_X11’
   return ((int*)(&Q_WS_WIN))[argc];
                   ^~~~~~~~
                   Q_WS_X11
CMakeFiles/cmTC_6d98a.dir/build.make:65: recipe for target 'CMakeFiles/cmTC_6d98a.dir/CheckSymbolExists.cxx.o' failed
make[1]: *** [CMakeFiles/cmTC_6d98a.dir/CheckSymbolExists.cxx.o] Error 1
make[1]: Leaving directory '/home/paras/robocomp/components/squarecomp/build/src/CMakeFiles/CMakeTmp'
Makefile:126: recipe for target 'cmTC_6d98a/fast' failed
make: *** [cmTC_6d98a/fast] Error 2

File /home/paras/robocomp/components/squarecomp/build/src/CMakeFiles/CMakeTmp/CheckSymbolExists.cxx:
/* */
#include <QtCore/qglobal.h>

int main(int argc, char** argv)
{
  (void)argv;
#ifndef Q_WS_WIN
  return ((int*)(&Q_WS_WIN))[argc];
#else
  (void)argc;
  return 0;
#endif
}

Determining if the Q_WS_QWS exist failed with the following output:
Change Dir: /home/paras/robocomp/components/squarecomp/build/src/CMakeFiles/CMakeTmp

Run Build Command:"/usr/bin/make" "cmTC_ce05e/fast"
/usr/bin/make -f CMakeFiles/cmTC_ce05e.dir/build.make CMakeFiles/cmTC_ce05e.dir/build
make[1]: Entering directory '/home/paras/robocomp/components/squarecomp/build/src/CMakeFiles/CMakeTmp'
Building CXX object CMakeFiles/cmTC_ce05e.dir/CheckSymbolExists.cxx.o
/usr/bin/c++   -I/usr/include/qt4   -o CMakeFiles/cmTC_ce05e.dir/CheckSymbolExists.cxx.o -c /home/paras/robocomp/components/squarecomp/build/src/CMakeFiles/CMakeTmp/CheckSymbolExists.cxx
/home/paras/robocomp/components/squarecomp/build/src/CMakeFiles/CMakeTmp/CheckSymbolExists.cxx: In function ‘int main(int, char**)’:
/home/paras/robocomp/components/squarecomp/build/src/CMakeFiles/CMakeTmp/CheckSymbolExists.cxx:8:19: error: ‘Q_WS_QWS’ was not declared in this scope
   return ((int*)(&Q_WS_QWS))[argc];
                   ^~~~~~~~
/home/paras/robocomp/components/squarecomp/build/src/CMakeFiles/CMakeTmp/CheckSymbolExists.cxx:8:19: note: suggested alternative: ‘Q_WS_X11’
   return ((int*)(&Q_WS_QWS))[argc];
                   ^~~~~~~~
                   Q_WS_X11
CMakeFiles/cmTC_ce05e.dir/build.make:65: recipe for target 'CMakeFiles/cmTC_ce05e.dir/CheckSymbolExists.cxx.o' failed
make[1]: *** [CMakeFiles/cmTC_ce05e.dir/CheckSymbolExists.cxx.o] Error 1
make[1]: Leaving directory '/home/paras/robocomp/components/squarecomp/build/src/CMakeFiles/CMakeTmp'
Makefile:126: recipe for target 'cmTC_ce05e/fast' failed
make: *** [cmTC_ce05e/fast] Error 2

File /home/paras/robocomp/components/squarecomp/build/src/CMakeFiles/CMakeTmp/CheckSymbolExists.cxx:
/* */
#include <QtCore/qglobal.h>

int main(int argc, char** argv)
{
  (void)argv;
#ifndef Q_WS_QWS
  return ((int*)(&Q_WS_QWS))[argc];
#else
  (void)argc;
  return 0;
#endif
}

Determining if the Q_WS_MAC exist failed with the following output:
Change Dir: /home/paras/robocomp/components/squarecomp/build/src/CMakeFiles/CMakeTmp

Run Build Command:"/usr/bin/make" "cmTC_8c809/fast"
/usr/bin/make -f CMakeFiles/cmTC_8c809.dir/build.make CMakeFiles/cmTC_8c809.dir/build
make[1]: Entering directory '/home/paras/robocomp/components/squarecomp/build/src/CMakeFiles/CMakeTmp'
Building CXX object CMakeFiles/cmTC_8c809.dir/CheckSymbolExists.cxx.o
/usr/bin/c++   -I/usr/include/qt4   -o CMakeFiles/cmTC_8c809.dir/CheckSymbolExists.cxx.o -c /home/paras/robocomp/components/squarecomp/build/src/CMakeFiles/CMakeTmp/CheckSymbolExists.cxx
/home/paras/robocomp/components/squarecomp/build/src/CMakeFiles/CMakeTmp/CheckSymbolExists.cxx: In function ‘int main(int, char**)’:
/home/paras/robocomp/components/squarecomp/build/src/CMakeFiles/CMakeTmp/CheckSymbolExists.cxx:8:19: error: ‘Q_WS_MAC’ was not declared in this scope
   return ((int*)(&Q_WS_MAC))[argc];
                   ^~~~~~~~
/home/paras/robocomp/components/squarecomp/build/src/CMakeFiles/CMakeTmp/CheckSymbolExists.cxx:8:19: note: suggested alternative: ‘Q_WS_X11’
   return ((int*)(&Q_WS_MAC))[argc];
                   ^~~~~~~~
                   Q_WS_X11
CMakeFiles/cmTC_8c809.dir/build.make:65: recipe for target 'CMakeFiles/cmTC_8c809.dir/CheckSymbolExists.cxx.o' failed
make[1]: *** [CMakeFiles/cmTC_8c809.dir/CheckSymbolExists.cxx.o] Error 1
make[1]: Leaving directory '/home/paras/robocomp/components/squarecomp/build/src/CMakeFiles/CMakeTmp'
Makefile:126: recipe for target 'cmTC_8c809/fast' failed
make: *** [cmTC_8c809/fast] Error 2

File /home/paras/robocomp/components/squarecomp/build/src/CMakeFiles/CMakeTmp/CheckSymbolExists.cxx:
/* */
#include <QtCore/qglobal.h>

int main(int argc, char** argv)
{
  (void)argv;
#ifndef Q_WS_MAC
  return ((int*)(&Q_WS_MAC))[argc];
#else
  (void)argc;
  return 0;
#endif
}

Determining if the pthread_create exist failed with the following output:
Change Dir: /home/paras/robocomp/components/squarecomp/build/src/CMakeFiles/CMakeTmp

Run Build Command:"/usr/bin/make" "cmTC_da825/fast"
/usr/bin/make -f CMakeFiles/cmTC_da825.dir/build.make CMakeFiles/cmTC_da825.dir/build
make[1]: Entering directory '/home/paras/robocomp/components/squarecomp/build/src/CMakeFiles/CMakeTmp'
Building C object CMakeFiles/cmTC_da825.dir/CheckSymbolExists.c.o
/usr/bin/cc    -o CMakeFiles/cmTC_da825.dir/CheckSymbolExists.c.o   -c /home/paras/robocomp/components/squarecomp/build/src/CMakeFiles/CMakeTmp/CheckSymbolExists.c
Linking C executable cmTC_da825
/usr/bin/cmake -E cmake_link_script CMakeFiles/cmTC_da825.dir/link.txt --verbose=1
/usr/bin/cc      -rdynamic CMakeFiles/cmTC_da825.dir/CheckSymbolExists.c.o  -o cmTC_da825 
CMakeFiles/cmTC_da825.dir/CheckSymbolExists.c.o: In function `main':
CheckSymbolExists.c:(.text+0x1b): undefined reference to `pthread_create'
collect2: error: ld returned 1 exit status
CMakeFiles/cmTC_da825.dir/build.make:97: recipe for target 'cmTC_da825' failed
make[1]: *** [cmTC_da825] Error 1
make[1]: Leaving directory '/home/paras/robocomp/components/squarecomp/build/src/CMakeFiles/CMakeTmp'
Makefile:126: recipe for target 'cmTC_da825/fast' failed
make: *** [cmTC_da825/fast] Error 2

File /home/paras/robocomp/components/squarecomp/build/src/CMakeFiles/CMakeTmp/CheckSymbolExists.c:
/* */
#include <pthread.h>

int main(int argc, char** argv)
{
  (void)argv;
#ifndef pthread_create
  return ((int*)(&pthread_create))[argc];
#else
  (void)argc;
  return 0;
#endif
}

Determining if the function pthread_create exists in the pthreads failed with the following output:
Change Dir: /home/paras/robocomp/components/squarecomp/build/src/CMakeFiles/CMakeTmp

Run Build Command:"/usr/bin/make" "cmTC_873b4/fast"
/usr/bin/make -f CMakeFiles/cmTC_873b4.dir/build.make CMakeFiles/cmTC_873b4.dir/build
make[1]: Entering directory '/home/paras/robocomp/components/squarecomp/build/src/CMakeFiles/CMakeTmp'
Building C object CMakeFiles/cmTC_873b4.dir/CheckFunctionExists.c.o
/usr/bin/cc   -DCHECK_FUNCTION_EXISTS=pthread_create   -o CMakeFiles/cmTC_873b4.dir/CheckFunctionExists.c.o   -c /usr/share/cmake-3.10/Modules/CheckFunctionExists.c
Linking C executable cmTC_873b4
/usr/bin/cmake -E cmake_link_script CMakeFiles/cmTC_873b4.dir/link.txt --verbose=1
/usr/bin/cc  -DCHECK_FUNCTION_EXISTS=pthread_create    -rdynamic CMakeFiles/cmTC_873b4.dir/CheckFunctionExists.c.o  -o cmTC_873b4 -lpthreads 
/usr/bin/ld: cannot find -lpthreads
collect2: error: ld returned 1 exit status
CMakeFiles/cmTC_873b4.dir/build.make:97: recipe for target 'cmTC_873b4' failed
make[1]: *** [cmTC_873b4] Error 1
make[1]: Leaving directory '/home/paras/robocomp/components/squarecomp/build/src/CMakeFiles/CMakeTmp'
Makefile:126: recipe for target 'cmTC_873b4/fast' failed
make: *** [cmTC_873b4/fast] Error 2


