Determining if the Q_WS_WIN exist failed with the following output:
Change Dir: /home/paras/robocomp/components/keyboardRobotController/CMakeFiles/CMakeTmp

Run Build Command:"/usr/bin/make" "cmTC_87b00/fast"
/usr/bin/make -f CMakeFiles/cmTC_87b00.dir/build.make CMakeFiles/cmTC_87b00.dir/build
make[1]: Entering directory '/home/paras/robocomp/components/keyboardRobotController/CMakeFiles/CMakeTmp'
Building CXX object CMakeFiles/cmTC_87b00.dir/CheckSymbolExists.cxx.o
/usr/bin/c++   -I/usr/include/qt4   -o CMakeFiles/cmTC_87b00.dir/CheckSymbolExists.cxx.o -c /home/paras/robocomp/components/keyboardRobotController/CMakeFiles/CMakeTmp/CheckSymbolExists.cxx
/home/paras/robocomp/components/keyboardRobotController/CMakeFiles/CMakeTmp/CheckSymbolExists.cxx: In function ‘int main(int, char**)’:
/home/paras/robocomp/components/keyboardRobotController/CMakeFiles/CMakeTmp/CheckSymbolExists.cxx:8:19: error: ‘Q_WS_WIN’ was not declared in this scope
   return ((int*)(&Q_WS_WIN))[argc];
                   ^~~~~~~~
/home/paras/robocomp/components/keyboardRobotController/CMakeFiles/CMakeTmp/CheckSymbolExists.cxx:8:19: note: suggested alternative: ‘Q_WS_X11’
   return ((int*)(&Q_WS_WIN))[argc];
                   ^~~~~~~~
                   Q_WS_X11
CMakeFiles/cmTC_87b00.dir/build.make:65: recipe for target 'CMakeFiles/cmTC_87b00.dir/CheckSymbolExists.cxx.o' failed
make[1]: *** [CMakeFiles/cmTC_87b00.dir/CheckSymbolExists.cxx.o] Error 1
make[1]: Leaving directory '/home/paras/robocomp/components/keyboardRobotController/CMakeFiles/CMakeTmp'
Makefile:126: recipe for target 'cmTC_87b00/fast' failed
make: *** [cmTC_87b00/fast] Error 2

File /home/paras/robocomp/components/keyboardRobotController/CMakeFiles/CMakeTmp/CheckSymbolExists.cxx:
/* */
#include <QtCore/qglobal.h>

int main(int argc, char** argv)
{
  (void)argv;
#ifndef Q_WS_WIN
  return ((int*)(&Q_WS_WIN))[argc];
#else
  (void)argc;
  return 0;
#endif
}

Determining if the Q_WS_QWS exist failed with the following output:
Change Dir: /home/paras/robocomp/components/keyboardRobotController/CMakeFiles/CMakeTmp

Run Build Command:"/usr/bin/make" "cmTC_ac589/fast"
/usr/bin/make -f CMakeFiles/cmTC_ac589.dir/build.make CMakeFiles/cmTC_ac589.dir/build
make[1]: Entering directory '/home/paras/robocomp/components/keyboardRobotController/CMakeFiles/CMakeTmp'
Building CXX object CMakeFiles/cmTC_ac589.dir/CheckSymbolExists.cxx.o
/usr/bin/c++   -I/usr/include/qt4   -o CMakeFiles/cmTC_ac589.dir/CheckSymbolExists.cxx.o -c /home/paras/robocomp/components/keyboardRobotController/CMakeFiles/CMakeTmp/CheckSymbolExists.cxx
/home/paras/robocomp/components/keyboardRobotController/CMakeFiles/CMakeTmp/CheckSymbolExists.cxx: In function ‘int main(int, char**)’:
/home/paras/robocomp/components/keyboardRobotController/CMakeFiles/CMakeTmp/CheckSymbolExists.cxx:8:19: error: ‘Q_WS_QWS’ was not declared in this scope
   return ((int*)(&Q_WS_QWS))[argc];
                   ^~~~~~~~
/home/paras/robocomp/components/keyboardRobotController/CMakeFiles/CMakeTmp/CheckSymbolExists.cxx:8:19: note: suggested alternative: ‘Q_WS_X11’
   return ((int*)(&Q_WS_QWS))[argc];
                   ^~~~~~~~
                   Q_WS_X11
CMakeFiles/cmTC_ac589.dir/build.make:65: recipe for target 'CMakeFiles/cmTC_ac589.dir/CheckSymbolExists.cxx.o' failed
make[1]: *** [CMakeFiles/cmTC_ac589.dir/CheckSymbolExists.cxx.o] Error 1
make[1]: Leaving directory '/home/paras/robocomp/components/keyboardRobotController/CMakeFiles/CMakeTmp'
Makefile:126: recipe for target 'cmTC_ac589/fast' failed
make: *** [cmTC_ac589/fast] Error 2

File /home/paras/robocomp/components/keyboardRobotController/CMakeFiles/CMakeTmp/CheckSymbolExists.cxx:
/* */
#include <QtCore/qglobal.h>

int main(int argc, char** argv)
{
  (void)argv;
#ifndef Q_WS_QWS
  return ((int*)(&Q_WS_QWS))[argc];
#else
  (void)argc;
  return 0;
#endif
}

Determining if the Q_WS_MAC exist failed with the following output:
Change Dir: /home/paras/robocomp/components/keyboardRobotController/CMakeFiles/CMakeTmp

Run Build Command:"/usr/bin/make" "cmTC_8f439/fast"
/usr/bin/make -f CMakeFiles/cmTC_8f439.dir/build.make CMakeFiles/cmTC_8f439.dir/build
make[1]: Entering directory '/home/paras/robocomp/components/keyboardRobotController/CMakeFiles/CMakeTmp'
Building CXX object CMakeFiles/cmTC_8f439.dir/CheckSymbolExists.cxx.o
/usr/bin/c++   -I/usr/include/qt4   -o CMakeFiles/cmTC_8f439.dir/CheckSymbolExists.cxx.o -c /home/paras/robocomp/components/keyboardRobotController/CMakeFiles/CMakeTmp/CheckSymbolExists.cxx
/home/paras/robocomp/components/keyboardRobotController/CMakeFiles/CMakeTmp/CheckSymbolExists.cxx: In function ‘int main(int, char**)’:
/home/paras/robocomp/components/keyboardRobotController/CMakeFiles/CMakeTmp/CheckSymbolExists.cxx:8:19: error: ‘Q_WS_MAC’ was not declared in this scope
   return ((int*)(&Q_WS_MAC))[argc];
                   ^~~~~~~~
/home/paras/robocomp/components/keyboardRobotController/CMakeFiles/CMakeTmp/CheckSymbolExists.cxx:8:19: note: suggested alternative: ‘Q_WS_X11’
   return ((int*)(&Q_WS_MAC))[argc];
                   ^~~~~~~~
                   Q_WS_X11
CMakeFiles/cmTC_8f439.dir/build.make:65: recipe for target 'CMakeFiles/cmTC_8f439.dir/CheckSymbolExists.cxx.o' failed
make[1]: *** [CMakeFiles/cmTC_8f439.dir/CheckSymbolExists.cxx.o] Error 1
make[1]: Leaving directory '/home/paras/robocomp/components/keyboardRobotController/CMakeFiles/CMakeTmp'
Makefile:126: recipe for target 'cmTC_8f439/fast' failed
make: *** [cmTC_8f439/fast] Error 2

File /home/paras/robocomp/components/keyboardRobotController/CMakeFiles/CMakeTmp/CheckSymbolExists.cxx:
/* */
#include <QtCore/qglobal.h>

int main(int argc, char** argv)
{
  (void)argv;
#ifndef Q_WS_MAC
  return ((int*)(&Q_WS_MAC))[argc];
#else
  (void)argc;
  return 0;
#endif
}

Determining if the pthread_create exist failed with the following output:
Change Dir: /home/paras/robocomp/components/keyboardRobotController/CMakeFiles/CMakeTmp

Run Build Command:"/usr/bin/make" "cmTC_76ab1/fast"
/usr/bin/make -f CMakeFiles/cmTC_76ab1.dir/build.make CMakeFiles/cmTC_76ab1.dir/build
make[1]: Entering directory '/home/paras/robocomp/components/keyboardRobotController/CMakeFiles/CMakeTmp'
Building C object CMakeFiles/cmTC_76ab1.dir/CheckSymbolExists.c.o
/usr/bin/cc    -o CMakeFiles/cmTC_76ab1.dir/CheckSymbolExists.c.o   -c /home/paras/robocomp/components/keyboardRobotController/CMakeFiles/CMakeTmp/CheckSymbolExists.c
Linking C executable cmTC_76ab1
/usr/bin/cmake -E cmake_link_script CMakeFiles/cmTC_76ab1.dir/link.txt --verbose=1
/usr/bin/cc      -rdynamic CMakeFiles/cmTC_76ab1.dir/CheckSymbolExists.c.o  -o cmTC_76ab1 
CMakeFiles/cmTC_76ab1.dir/CheckSymbolExists.c.o: In function `main':
CheckSymbolExists.c:(.text+0x1b): undefined reference to `pthread_create'
collect2: error: ld returned 1 exit status
CMakeFiles/cmTC_76ab1.dir/build.make:97: recipe for target 'cmTC_76ab1' failed
make[1]: *** [cmTC_76ab1] Error 1
make[1]: Leaving directory '/home/paras/robocomp/components/keyboardRobotController/CMakeFiles/CMakeTmp'
Makefile:126: recipe for target 'cmTC_76ab1/fast' failed
make: *** [cmTC_76ab1/fast] Error 2

File /home/paras/robocomp/components/keyboardRobotController/CMakeFiles/CMakeTmp/CheckSymbolExists.c:
/* */
#include <pthread.h>

int main(int argc, char** argv)
{
  (void)argv;
#ifndef pthread_create
  return ((int*)(&pthread_create))[argc];
#else
  (void)argc;
  return 0;
#endif
}

Determining if the function pthread_create exists in the pthreads failed with the following output:
Change Dir: /home/paras/robocomp/components/keyboardRobotController/CMakeFiles/CMakeTmp

Run Build Command:"/usr/bin/make" "cmTC_1d93d/fast"
/usr/bin/make -f CMakeFiles/cmTC_1d93d.dir/build.make CMakeFiles/cmTC_1d93d.dir/build
make[1]: Entering directory '/home/paras/robocomp/components/keyboardRobotController/CMakeFiles/CMakeTmp'
Building C object CMakeFiles/cmTC_1d93d.dir/CheckFunctionExists.c.o
/usr/bin/cc   -DCHECK_FUNCTION_EXISTS=pthread_create   -o CMakeFiles/cmTC_1d93d.dir/CheckFunctionExists.c.o   -c /usr/share/cmake-3.10/Modules/CheckFunctionExists.c
Linking C executable cmTC_1d93d
/usr/bin/cmake -E cmake_link_script CMakeFiles/cmTC_1d93d.dir/link.txt --verbose=1
/usr/bin/cc  -DCHECK_FUNCTION_EXISTS=pthread_create    -rdynamic CMakeFiles/cmTC_1d93d.dir/CheckFunctionExists.c.o  -o cmTC_1d93d -lpthreads 
/usr/bin/ld: cannot find -lpthreads
collect2: error: ld returned 1 exit status
CMakeFiles/cmTC_1d93d.dir/build.make:97: recipe for target 'cmTC_1d93d' failed
make[1]: *** [cmTC_1d93d] Error 1
make[1]: Leaving directory '/home/paras/robocomp/components/keyboardRobotController/CMakeFiles/CMakeTmp'
Makefile:126: recipe for target 'cmTC_1d93d/fast' failed
make: *** [cmTC_1d93d/fast] Error 2


