Determining if the Q_WS_WIN exist failed with the following output:
Change Dir: /home/paras/robocomp/components/obstacle/build/CMakeFiles/CMakeTmp

Run Build Command:"/usr/bin/make" "cmTC_1c121/fast"
/usr/bin/make -f CMakeFiles/cmTC_1c121.dir/build.make CMakeFiles/cmTC_1c121.dir/build
make[1]: Entering directory '/home/paras/robocomp/components/obstacle/build/CMakeFiles/CMakeTmp'
Building CXX object CMakeFiles/cmTC_1c121.dir/CheckSymbolExists.cxx.o
/usr/bin/c++   -I/usr/include/qt4   -o CMakeFiles/cmTC_1c121.dir/CheckSymbolExists.cxx.o -c /home/paras/robocomp/components/obstacle/build/CMakeFiles/CMakeTmp/CheckSymbolExists.cxx
/home/paras/robocomp/components/obstacle/build/CMakeFiles/CMakeTmp/CheckSymbolExists.cxx: In function ‘int main(int, char**)’:
/home/paras/robocomp/components/obstacle/build/CMakeFiles/CMakeTmp/CheckSymbolExists.cxx:8:19: error: ‘Q_WS_WIN’ was not declared in this scope
   return ((int*)(&Q_WS_WIN))[argc];
                   ^~~~~~~~
/home/paras/robocomp/components/obstacle/build/CMakeFiles/CMakeTmp/CheckSymbolExists.cxx:8:19: note: suggested alternative: ‘Q_WS_X11’
   return ((int*)(&Q_WS_WIN))[argc];
                   ^~~~~~~~
                   Q_WS_X11
CMakeFiles/cmTC_1c121.dir/build.make:65: recipe for target 'CMakeFiles/cmTC_1c121.dir/CheckSymbolExists.cxx.o' failed
make[1]: *** [CMakeFiles/cmTC_1c121.dir/CheckSymbolExists.cxx.o] Error 1
make[1]: Leaving directory '/home/paras/robocomp/components/obstacle/build/CMakeFiles/CMakeTmp'
Makefile:126: recipe for target 'cmTC_1c121/fast' failed
make: *** [cmTC_1c121/fast] Error 2

File /home/paras/robocomp/components/obstacle/build/CMakeFiles/CMakeTmp/CheckSymbolExists.cxx:
/* */
#include <QtCore/qglobal.h>

int main(int argc, char** argv)
{
  (void)argv;
#ifndef Q_WS_WIN
  return ((int*)(&Q_WS_WIN))[argc];
#else
  (void)argc;
  return 0;
#endif
}

Determining if the Q_WS_QWS exist failed with the following output:
Change Dir: /home/paras/robocomp/components/obstacle/build/CMakeFiles/CMakeTmp

Run Build Command:"/usr/bin/make" "cmTC_661ca/fast"
/usr/bin/make -f CMakeFiles/cmTC_661ca.dir/build.make CMakeFiles/cmTC_661ca.dir/build
make[1]: Entering directory '/home/paras/robocomp/components/obstacle/build/CMakeFiles/CMakeTmp'
Building CXX object CMakeFiles/cmTC_661ca.dir/CheckSymbolExists.cxx.o
/usr/bin/c++   -I/usr/include/qt4   -o CMakeFiles/cmTC_661ca.dir/CheckSymbolExists.cxx.o -c /home/paras/robocomp/components/obstacle/build/CMakeFiles/CMakeTmp/CheckSymbolExists.cxx
/home/paras/robocomp/components/obstacle/build/CMakeFiles/CMakeTmp/CheckSymbolExists.cxx: In function ‘int main(int, char**)’:
/home/paras/robocomp/components/obstacle/build/CMakeFiles/CMakeTmp/CheckSymbolExists.cxx:8:19: error: ‘Q_WS_QWS’ was not declared in this scope
   return ((int*)(&Q_WS_QWS))[argc];
                   ^~~~~~~~
/home/paras/robocomp/components/obstacle/build/CMakeFiles/CMakeTmp/CheckSymbolExists.cxx:8:19: note: suggested alternative: ‘Q_WS_X11’
   return ((int*)(&Q_WS_QWS))[argc];
                   ^~~~~~~~
                   Q_WS_X11
CMakeFiles/cmTC_661ca.dir/build.make:65: recipe for target 'CMakeFiles/cmTC_661ca.dir/CheckSymbolExists.cxx.o' failed
make[1]: *** [CMakeFiles/cmTC_661ca.dir/CheckSymbolExists.cxx.o] Error 1
make[1]: Leaving directory '/home/paras/robocomp/components/obstacle/build/CMakeFiles/CMakeTmp'
Makefile:126: recipe for target 'cmTC_661ca/fast' failed
make: *** [cmTC_661ca/fast] Error 2

File /home/paras/robocomp/components/obstacle/build/CMakeFiles/CMakeTmp/CheckSymbolExists.cxx:
/* */
#include <QtCore/qglobal.h>

int main(int argc, char** argv)
{
  (void)argv;
#ifndef Q_WS_QWS
  return ((int*)(&Q_WS_QWS))[argc];
#else
  (void)argc;
  return 0;
#endif
}

Determining if the Q_WS_MAC exist failed with the following output:
Change Dir: /home/paras/robocomp/components/obstacle/build/CMakeFiles/CMakeTmp

Run Build Command:"/usr/bin/make" "cmTC_d361f/fast"
/usr/bin/make -f CMakeFiles/cmTC_d361f.dir/build.make CMakeFiles/cmTC_d361f.dir/build
make[1]: Entering directory '/home/paras/robocomp/components/obstacle/build/CMakeFiles/CMakeTmp'
Building CXX object CMakeFiles/cmTC_d361f.dir/CheckSymbolExists.cxx.o
/usr/bin/c++   -I/usr/include/qt4   -o CMakeFiles/cmTC_d361f.dir/CheckSymbolExists.cxx.o -c /home/paras/robocomp/components/obstacle/build/CMakeFiles/CMakeTmp/CheckSymbolExists.cxx
/home/paras/robocomp/components/obstacle/build/CMakeFiles/CMakeTmp/CheckSymbolExists.cxx: In function ‘int main(int, char**)’:
/home/paras/robocomp/components/obstacle/build/CMakeFiles/CMakeTmp/CheckSymbolExists.cxx:8:19: error: ‘Q_WS_MAC’ was not declared in this scope
   return ((int*)(&Q_WS_MAC))[argc];
                   ^~~~~~~~
/home/paras/robocomp/components/obstacle/build/CMakeFiles/CMakeTmp/CheckSymbolExists.cxx:8:19: note: suggested alternative: ‘Q_WS_X11’
   return ((int*)(&Q_WS_MAC))[argc];
                   ^~~~~~~~
                   Q_WS_X11
CMakeFiles/cmTC_d361f.dir/build.make:65: recipe for target 'CMakeFiles/cmTC_d361f.dir/CheckSymbolExists.cxx.o' failed
make[1]: *** [CMakeFiles/cmTC_d361f.dir/CheckSymbolExists.cxx.o] Error 1
make[1]: Leaving directory '/home/paras/robocomp/components/obstacle/build/CMakeFiles/CMakeTmp'
Makefile:126: recipe for target 'cmTC_d361f/fast' failed
make: *** [cmTC_d361f/fast] Error 2

File /home/paras/robocomp/components/obstacle/build/CMakeFiles/CMakeTmp/CheckSymbolExists.cxx:
/* */
#include <QtCore/qglobal.h>

int main(int argc, char** argv)
{
  (void)argv;
#ifndef Q_WS_MAC
  return ((int*)(&Q_WS_MAC))[argc];
#else
  (void)argc;
  return 0;
#endif
}

Determining if the pthread_create exist failed with the following output:
Change Dir: /home/paras/robocomp/components/obstacle/build/CMakeFiles/CMakeTmp

Run Build Command:"/usr/bin/make" "cmTC_20b2b/fast"
/usr/bin/make -f CMakeFiles/cmTC_20b2b.dir/build.make CMakeFiles/cmTC_20b2b.dir/build
make[1]: Entering directory '/home/paras/robocomp/components/obstacle/build/CMakeFiles/CMakeTmp'
Building C object CMakeFiles/cmTC_20b2b.dir/CheckSymbolExists.c.o
/usr/bin/cc    -o CMakeFiles/cmTC_20b2b.dir/CheckSymbolExists.c.o   -c /home/paras/robocomp/components/obstacle/build/CMakeFiles/CMakeTmp/CheckSymbolExists.c
Linking C executable cmTC_20b2b
/usr/bin/cmake -E cmake_link_script CMakeFiles/cmTC_20b2b.dir/link.txt --verbose=1
/usr/bin/cc      -rdynamic CMakeFiles/cmTC_20b2b.dir/CheckSymbolExists.c.o  -o cmTC_20b2b 
CMakeFiles/cmTC_20b2b.dir/CheckSymbolExists.c.o: In function `main':
CheckSymbolExists.c:(.text+0x1b): undefined reference to `pthread_create'
collect2: error: ld returned 1 exit status
CMakeFiles/cmTC_20b2b.dir/build.make:97: recipe for target 'cmTC_20b2b' failed
make[1]: *** [cmTC_20b2b] Error 1
make[1]: Leaving directory '/home/paras/robocomp/components/obstacle/build/CMakeFiles/CMakeTmp'
Makefile:126: recipe for target 'cmTC_20b2b/fast' failed
make: *** [cmTC_20b2b/fast] Error 2

File /home/paras/robocomp/components/obstacle/build/CMakeFiles/CMakeTmp/CheckSymbolExists.c:
/* */
#include <pthread.h>

int main(int argc, char** argv)
{
  (void)argv;
#ifndef pthread_create
  return ((int*)(&pthread_create))[argc];
#else
  (void)argc;
  return 0;
#endif
}

Determining if the function pthread_create exists in the pthreads failed with the following output:
Change Dir: /home/paras/robocomp/components/obstacle/build/CMakeFiles/CMakeTmp

Run Build Command:"/usr/bin/make" "cmTC_e3926/fast"
/usr/bin/make -f CMakeFiles/cmTC_e3926.dir/build.make CMakeFiles/cmTC_e3926.dir/build
make[1]: Entering directory '/home/paras/robocomp/components/obstacle/build/CMakeFiles/CMakeTmp'
Building C object CMakeFiles/cmTC_e3926.dir/CheckFunctionExists.c.o
/usr/bin/cc   -DCHECK_FUNCTION_EXISTS=pthread_create   -o CMakeFiles/cmTC_e3926.dir/CheckFunctionExists.c.o   -c /usr/share/cmake-3.10/Modules/CheckFunctionExists.c
Linking C executable cmTC_e3926
/usr/bin/cmake -E cmake_link_script CMakeFiles/cmTC_e3926.dir/link.txt --verbose=1
/usr/bin/cc  -DCHECK_FUNCTION_EXISTS=pthread_create    -rdynamic CMakeFiles/cmTC_e3926.dir/CheckFunctionExists.c.o  -o cmTC_e3926 -lpthreads 
/usr/bin/ld: cannot find -lpthreads
collect2: error: ld returned 1 exit status
CMakeFiles/cmTC_e3926.dir/build.make:97: recipe for target 'cmTC_e3926' failed
make[1]: *** [cmTC_e3926] Error 1
make[1]: Leaving directory '/home/paras/robocomp/components/obstacle/build/CMakeFiles/CMakeTmp'
Makefile:126: recipe for target 'cmTC_e3926/fast' failed
make: *** [cmTC_e3926/fast] Error 2


